<?xml version="1.0" encoding="UTF-8"?>
<!-- Generated by org.testng.reporters.JUnitReportReporter -->
<testsuite hostname="LAPTOP-UA381MM8" failures="0" tests="2" name="com.waltonbd.CameraHALTest" time="25.195" errors="0" timestamp="12 Aug 2018 10:20:52 GMT" skipped="0">
  <testcase classname="com.waltonbd.CameraHALTest" name="WaltonCameraAutomationTest" time="0.004"/>
  <testcase classname="com.waltonbd.CameraHALTest" name="backCamera13M_16_9_Process" time="25.191"/>
</testsuite> <!-- com.waltonbd.CameraHALTest -->
